Arguments: 
  /home/gitpod/.nvm/versions/node/v14.17.5/bin/node /home/gitpod/.nvm/versions/node/v14.17.5/bin/yarn

PATH: 
  /home/gitpod/.pyenv/plugins/pyenv-virtualenv/shims:/workspace/.cargo/bin:/workspace/.pip-modules/bin:/workspace/.rvm/bin:/home/gitpod/.sdkman/candidates/maven/current/bin:/home/gitpod/.sdkman/candidates/java/current/bin:/home/gitpod/.sdkman/candidates/gradle/current/bin:/home/gitpod/.rvm/gems/ruby-2.7.3/bin:/home/gitpod/.rvm/gems/ruby-2.7.3@global/bin:/home/gitpod/.rvm/rubies/ruby-2.7.3/bin:/home/gitpod/.pyenv/plugins/pyenv-virtualenv/shims:/workspace/.cargo/bin:/workspace/.pip-modules/bin:/workspace/.rvm/bin:/ide/bin:/workspace/.cargo/bin:/workspace/.rvm/bin:/workspace/.pip-modules/bin:/home/gitpod/.pyenv/bin:/home/gitpod/.pyenv/shims:/workspace/go/bin:/home/gitpod/go/bin:/home/gitpod/go-packages/bin:/usr/local/sbin:/usr/local/bin:/usr/sbin:/usr/bin:/sbin:/bin:/home/linuxbrew/.linuxbrew/bin:/home/linuxbrew/.linuxbrew/sbin/:/home/gitpod/.nvm/versions/node/v14.17.5/bin:/home/gitpod/.cargo/bin:/usr/games:/usr/games:/home/gitpod/.nvm/versions/node/v14.17.5/bin:/home/gitpod/.rvm/bin:/home/gitpod/.nvm/versions/node/v14.17.5/bin:/home/gitpod/.nvm/versions/node/v14.17.5/bin

Yarn version: 
  1.22.11

Node version: 
  14.17.5

Platform: 
  linux x64

Trace: 
  Error: https://registry.yarnpkg.com/@babel-plugin-transform-object-rest-spread: Request "https://registry.yarnpkg.com/@babel-plugin-transform-object-rest-spread" returned a 405
      at Request.params.callback [as _callback] (/home/gitpod/.nvm/versions/node/v14.17.5/lib/node_modules/yarn/lib/cli.js:67001:18)
      at Request.self.callback (/home/gitpod/.nvm/versions/node/v14.17.5/lib/node_modules/yarn/lib/cli.js:140763:22)
      at Request.emit (events.js:400:28)
      at Request.<anonymous> (/home/gitpod/.nvm/versions/node/v14.17.5/lib/node_modules/yarn/lib/cli.js:141735:10)
      at Request.emit (events.js:400:28)
      at IncomingMessage.<anonymous> (/home/gitpod/.nvm/versions/node/v14.17.5/lib/node_modules/yarn/lib/cli.js:141657:12)
      at Object.onceWrapper (events.js:519:28)
      at IncomingMessage.emit (events.js:412:35)
      at endReadableNT (internal/streams/readable.js:1317:12)
      at processTicksAndRejections (internal/process/task_queues.js:82:21)

npm manifest: 
  {
    "name": "webpack-config",
    "version": "1.0.0",
    "private": true,
    "repository": "https://github.com/romaindupont/webpack-config-simply-romaindupont.git",
    "author": "romaindupont <rd.romaindupont@free.fr>",
    "license": "MIT",
    "devDependencies": {
      "@babel/preset-env": "^7.14.2",
      "@webpack-cli/generators": "^2.1.0",
      "@babel/core": "^7.14.3",
      "babel-eslint": "^10.1.0",
      "babel-loader": "^8.2.2",
      "babel-plugin-transform-class-properties": "^6.24.1",
      "@babel-plugin-transform-object-rest-spread": "^6.26.0",
      "babel-preset-env": "^1.7.0",
      "clean-webpack-plugin": "^4.0.0-alpha.0",
      "css-loader": "^5.2.5",
      "eslint": "^7.27.0",
      "eslint-config-airbnb": "^18.2.1",
      "eslint-import-resolver-alias": "^1.1.2",
      "eslint-plugin-import": "^2.23.3",
      "file-loader": "^6.2.0",
      "html-webpack-plugin": "^5.3.1",
      "mini-css-extract-plugin": "^1.6.0",
      "optimize-css-assets-webpack-plugin": "^6.0.0",
      "postcss": "^8.3.0",
      "postcss-loader": "^5.3.0",
      "postcss-preset-env": "^6.7.0",
      "sass": "^1.34.0",
      "sass-loader": "^11.1.1",
      "style-loader": "^2.0.0",
      "terser-webpack-plugin": "^5.1.2",
      "webpack": "^5.37.1",
      "webpack-cli": "^4.7.0",
      "webpack-dev-server": "^3.11.2"
    },
    "scripts": {
      "start": "webpack serve",
      "build:dev": "NODE_ENV=development webpack --mode development",
      "build:prod": "NODE_ENV=production webpack --mode production"
    },
    "dependencies": {
      "@babel/core": "^7.14.3",
      "lodash": "^4.17.21",
      "three": "^0.129.0"
    }
  }

yarn manifest: 
  No manifest

Lockfile: 
  No lockfile
